
*** Running vivado
    with args -log System_rst_ps7_0_50M_0.vds -m64 -product Vivado -mode batch -messageDb vivado.pb -notrace -source System_rst_ps7_0_50M_0.tcl


****** Vivado v2017.3.1 (64-bit)
  **** SW Build 2035080 on Fri Oct 20 14:20:01 MDT 2017
  **** IP Build 2034413 on Fri Oct 20 15:56:25 MDT 2017
    ** Copyright 1986-2017 Xilinx, Inc. All Rights Reserved.

source System_rst_ps7_0_50M_0.tcl -notrace
Starting RTL Elaboration : Time (s): cpu = 00:00:13 ; elapsed = 00:00:13 . Memory (MB): peak = 352.070 ; gain = 101.949
INFO: [Synth 8-638] synthesizing module 'System_rst_ps7_0_50M_0' [c:/Users/jlrei/Documents/SourceTree/EE324_Lab6/EE324_Lab6.srcs/sources_1/bd/System/ip/System_rst_ps7_0_50M_0/synth/System_rst_ps7_0_50M_0.vhd:74]
INFO: [Synth 8-638] synthesizing module 'proc_sys_reset' [c:/Users/jlrei/Documents/SourceTree/EE324_Lab6/EE324_Lab6.srcs/sources_1/bd/System/ipshared/f86a/hdl/proc_sys_reset_v5_0_vh_rfs.vhd:1323]
INFO: [Synth 8-638] synthesizing module 'lpf' [c:/Users/jlrei/Documents/SourceTree/EE324_Lab6/EE324_Lab6.srcs/sources_1/bd/System/ipshared/f86a/hdl/proc_sys_reset_v5_0_vh_rfs.vhd:816]
INFO: [Synth 8-638] synthesizing module 'SRL16' [C:/Xilinx/Vivado/2017.3/scripts/rt/data/unisim_comp.v:50689]
INFO: [Synth 8-256] done synthesizing module 'SRL16' (1#1) [C:/Xilinx/Vivado/2017.3/scripts/rt/data/unisim_comp.v:50689]
INFO: [Synth 8-638] synthesizing module 'cdc_sync' [c:/Users/jlrei/Documents/SourceTree/EE324_Lab6/EE324_Lab6.srcs/sources_1/bd/System/ipshared/ef1e/hdl/lib_cdc_v1_0_rfs.vhd:106]
INFO: [Synth 8-256] done synthesizing module 'cdc_sync' (2#1) [c:/Users/jlrei/Documents/SourceTree/EE324_Lab6/EE324_Lab6.srcs/sources_1/bd/System/ipshared/ef1e/hdl/lib_cdc_v1_0_rfs.vhd:106]
INFO: [Synth 8-256] done synthesizing module 'lpf' (3#1) [c:/Users/jlrei/Documents/SourceTree/EE324_Lab6/EE324_Lab6.srcs/sources_1/bd/System/ipshared/f86a/hdl/proc_sys_reset_v5_0_vh_rfs.vhd:816]
INFO: [Synth 8-638] synthesizing module 'sequence_psr' [c:/Users/jlrei/Documents/SourceTree/EE324_Lab6/EE324_Lab6.srcs/sources_1/bd/System/ipshared/f86a/hdl/proc_sys_reset_v5_0_vh_rfs.vhd:301]
INFO: [Synth 8-638] synthesizing module 'upcnt_n' [c:/Users/jlrei/Documents/SourceTree/EE324_Lab6/EE324_Lab6.srcs/sources_1/bd/System/ipshared/f86a/hdl/proc_sys_reset_v5_0_vh_rfs.vhd:125]
INFO: [Synth 8-256] done synthesizing module 'upcnt_n' (4#1) [c:/Users/jlrei/Documents/SourceTree/EE324_Lab6/EE324_Lab6.srcs/sources_1/bd/System/ipshared/f86a/hdl/proc_sys_reset_v5_0_vh_rfs.vhd:125]
INFO: [Synth 8-256] done synthesizing module 'sequence_psr' (5#1) [c:/Users/jlrei/Documents/SourceTree/EE324_Lab6/EE324_Lab6.srcs/sources_1/bd/System/ipshared/f86a/hdl/proc_sys_reset_v5_0_vh_rfs.vhd:301]
INFO: [Synth 8-256] done synthesizing module 'proc_sys_reset' (6#1) [c:/Users/jlrei/Documents/SourceTree/EE324_Lab6/EE324_Lab6.srcs/sources_1/bd/System/ipshared/f86a/hdl/proc_sys_reset_v5_0_vh_rfs.vhd:1323]
INFO: [Synth 8-256] done synthesizing module 'System_rst_ps7_0_50M_0' (7#1) [c:/Users/jlrei/Documents/SourceTree/EE324_Lab6/EE324_Lab6.srcs/sources_1/bd/System/ip/System_rst_ps7_0_50M_0/synth/System_rst_ps7_0_50M_0.vhd:74]
Finished RTL Elaboration : Time (s): cpu = 00:00:15 ; elapsed = 00:00:15 . Memory (MB): peak = 405.473 ; gain = 155.352
Finished RTL Optimization Phase 1 : Time (s): cpu = 00:00:15 ; elapsed = 00:00:16 . Memory (MB): peak = 405.473 ; gain = 155.352
INFO: [Device 21-403] Loading part xc7z010clg400-1
Constraint Validation Runtime : Time (s): cpu = 00:00:00 ; elapsed = 00:00:00.034 . Memory (MB): peak = 725.855 ; gain = 0.000
Finished Constraint Validation : Time (s): cpu = 00:00:44 ; elapsed = 00:00:49 . Memory (MB): peak = 725.855 ; gain = 475.734
Finished Loading Part and Timing Information : Time (s): cpu = 00:00:44 ; elapsed = 00:00:50 . Memory (MB): peak = 725.855 ; gain = 475.734
Finished applying 'set_property' XDC Constraints : Time (s): cpu = 00:00:44 ; elapsed = 00:00:50 . Memory (MB): peak = 725.855 ; gain = 475.734
Finished RTL Optimization Phase 2 : Time (s): cpu = 00:00:45 ; elapsed = 00:00:50 . Memory (MB): peak = 725.855 ; gain = 475.734
Finished Cross Boundary and Area Optimization : Time (s): cpu = 00:00:46 ; elapsed = 00:00:52 . Memory (MB): peak = 725.855 ; gain = 475.734
Finished Applying XDC Timing Constraints : Time (s): cpu = 00:01:11 ; elapsed = 00:01:18 . Memory (MB): peak = 730.160 ; gain = 480.039
Finished Timing Optimization : Time (s): cpu = 00:01:11 ; elapsed = 00:01:18 . Memory (MB): peak = 730.160 ; gain = 480.039
Finished Technology Mapping : Time (s): cpu = 00:01:11 ; elapsed = 00:01:18 . Memory (MB): peak = 749.355 ; gain = 499.234
Finished IO Insertion : Time (s): cpu = 00:01:13 ; elapsed = 00:01:20 . Memory (MB): peak = 749.355 ; gain = 499.234
Finished Renaming Generated Instances : Time (s): cpu = 00:01:13 ; elapsed = 00:01:20 . Memory (MB): peak = 749.355 ; gain = 499.234
Finished Rebuilding User Hierarchy : Time (s): cpu = 00:01:13 ; elapsed = 00:01:20 . Memory (MB): peak = 749.355 ; gain = 499.234
Finished Renaming Generated Ports : Time (s): cpu = 00:01:13 ; elapsed = 00:01:20 . Memory (MB): peak = 749.355 ; gain = 499.234
Finished Handling Custom Attributes : Time (s): cpu = 00:01:13 ; elapsed = 00:01:20 . Memory (MB): peak = 749.355 ; gain = 499.234
Finished Renaming Generated Nets : Time (s): cpu = 00:01:13 ; elapsed = 00:01:20 . Memory (MB): peak = 749.355 ; gain = 499.234

Report Cell Usage: 
+------+------+------+
|      |Cell  |Count |
+------+------+------+
|1     |LUT1  |     5|
|2     |LUT2  |     9|
|3     |LUT3  |     1|
|4     |LUT4  |     6|
|5     |LUT5  |     3|
|6     |LUT6  |     1|
|7     |SRL16 |     1|
|8     |FDR   |     8|
|9     |FDRE  |    28|
|10    |FDSE  |     4|
+------+------+------+
Finished Writing Synthesis Report : Time (s): cpu = 00:01:13 ; elapsed = 00:01:20 . Memory (MB): peak = 749.355 ; gain = 499.234
synth_design: Time (s): cpu = 00:01:16 ; elapsed = 00:01:24 . Memory (MB): peak = 752.172 ; gain = 508.262
