16:51:16 INFO  : Registering command handlers for SDK TCF services
16:51:17 INFO  : Launching XSCT server: xsct.bat -interactive C:\Users\jlrei\Documents\SourceTree\EE324_Lab6\EE324_Lab6.sdk\temp_xsdb_launch_script.tcl
16:51:21 INFO  : XSCT server has started successfully.
16:51:24 INFO  : Processing command line option -hwspec C:/Users/jlrei/Documents/SourceTree/EE324_Lab6/EE324_Lab6.sdk/System_wrapper.hdf.
16:51:24 INFO  : Successfully done setting XSCT server connection channel  
16:51:24 INFO  : Successfully done setting SDK workspace  
08:21:24 INFO  : Registering command handlers for SDK TCF services
08:21:25 INFO  : Launching XSCT server: xsct.bat -interactive C:\Users\jlrei\Documents\SourceTree\EE324_Lab6\EE324_Lab6.sdk\temp_xsdb_launch_script.tcl
08:21:29 INFO  : XSCT server has started successfully.
08:21:29 INFO  : Processing command line option -hwspec C:/Users/jlrei/Documents/SourceTree/EE324_Lab6/EE324_Lab6.sdk/System_wrapper.hdf.
08:21:29 INFO  : Successfully done setting XSCT server connection channel  
08:21:29 INFO  : Checking for hwspec changes in the project System_wrapper_hw_platform_0.
08:21:33 INFO  : Successfully done setting SDK workspace  
08:40:31 INFO  : Connected to target on host '127.0.0.1' and port '3121'.
08:40:33 INFO  : 'targets -set -filter {jtag_cable_name =~ "Digilent Zybo 210279A42709A" && level==0} -index 1' command is executed.
08:40:34 INFO  : FPGA configured successfully with bitstream "C:/Users/jlrei/Documents/SourceTree/EE324_Lab6/EE324_Lab6.sdk/System_wrapper_hw_platform_0/System_wrapper.bit"
08:40:48 INFO  : 'targets -set -filter {jtag_cable_name =~ "Digilent Zybo 210279A42709A" && level==0} -index 1' command is executed.
08:40:48 INFO  : 'fpga -state' command is executed.
08:40:49 INFO  : Connected to target on host '127.0.0.1' and port '3121'.
08:40:49 INFO  : Jtag cable 'Digilent Zybo 210279A42709A' is selected.
08:40:49 INFO  : 'jtag frequency' command is executed.
08:40:49 INFO  : Sourcing of 'C:/Users/jlrei/Documents/SourceTree/EE324_Lab6/EE324_Lab6.sdk/System_wrapper_hw_platform_0/ps7_init.tcl' is done.
08:40:49 INFO  : Context for 'APU' is selected.
08:40:49 INFO  : Hardware design information is loaded from 'C:/Users/jlrei/Documents/SourceTree/EE324_Lab6/EE324_Lab6.sdk/System_wrapper_hw_platform_0/system.hdf'.
08:40:49 INFO  : 'configparams force-mem-access 1' command is executed.
08:40:49 INFO  : Context for 'APU' is selected.
08:40:49 INFO  : 'stop' command is executed.
08:40:50 INFO  : 'ps7_init' command is executed.
08:40:50 INFO  : 'ps7_post_config' command is executed.
08:40:50 INFO  : Context for processor 'ps7_cortexa9_0' is selected.
08:40:50 INFO  : Processor reset is completed for 'ps7_cortexa9_0'.
08:40:50 INFO  : Context for processor 'ps7_cortexa9_0' is selected.
08:40:50 INFO  : The application 'C:/Users/jlrei/Documents/SourceTree/EE324_Lab6/EE324_Lab6.sdk/Lab6/Debug/Lab6.elf' is downloaded to processor 'ps7_cortexa9_0'.
08:40:50 INFO  : 'configparams force-mem-access 0' command is executed.
08:40:50 INFO  : ----------------XSDB Script----------------
connect -url tcp:127.0.0.1:3121
source C:/Users/jlrei/Documents/SourceTree/EE324_Lab6/EE324_Lab6.sdk/System_wrapper_hw_platform_0/ps7_init.tcl
targets -set -nocase -filter {name =~"APU*" && jtag_cable_name =~ "Digilent Zybo 210279A42709A"} -index 0
loadhw -hw C:/Users/jlrei/Documents/SourceTree/EE324_Lab6/EE324_Lab6.sdk/System_wrapper_hw_platform_0/system.hdf -mem-ranges [list {0x40000000 0xbfffffff}]
configparams force-mem-access 1
targets -set -nocase -filter {name =~"APU*" && jtag_cable_name =~ "Digilent Zybo 210279A42709A"} -index 0
stop
ps7_init
ps7_post_config
targets -set -nocase -filter {name =~ "ARM*#0" && jtag_cable_name =~ "Digilent Zybo 210279A42709A"} -index 0
rst -processor
targets -set -nocase -filter {name =~ "ARM*#0" && jtag_cable_name =~ "Digilent Zybo 210279A42709A"} -index 0
dow C:/Users/jlrei/Documents/SourceTree/EE324_Lab6/EE324_Lab6.sdk/Lab6/Debug/Lab6.elf
configparams force-mem-access 0
----------------End of Script----------------

08:40:50 INFO  : Memory regions updated for context APU
08:40:50 INFO  : Context for processor 'ps7_cortexa9_0' is selected.
08:40:50 INFO  : 'con' command is executed.
08:40:50 INFO  : ----------------XSDB Script (After Launch)----------------
targets -set -nocase -filter {name =~ "ARM*#0" && jtag_cable_name =~ "Digilent Zybo 210279A42709A"} -index 0
con
----------------End of Script----------------

08:40:50 INFO  : Launch script is exported to file 'C:\Users\jlrei\Documents\SourceTree\EE324_Lab6\EE324_Lab6.sdk\.sdk\launch_scripts\xilinx_c-c++_application_(system_debugger)\system_debugger_using_debug_lab6.elf_on_local.tcl'
08:41:12 INFO  : Disconnected from the channel tcfchan#1.
08:41:13 INFO  : 'targets -set -filter {jtag_cable_name =~ "Digilent Zybo 210279A42709A" && level==0} -index 1' command is executed.
08:41:13 INFO  : 'fpga -state' command is executed.
08:41:13 INFO  : Connected to target on host '127.0.0.1' and port '3121'.
08:41:14 INFO  : Jtag cable 'Digilent Zybo 210279A42709A' is selected.
08:41:14 INFO  : 'jtag frequency' command is executed.
08:41:14 INFO  : Sourcing of 'C:/Users/jlrei/Documents/SourceTree/EE324_Lab6/EE324_Lab6.sdk/System_wrapper_hw_platform_0/ps7_init.tcl' is done.
08:41:14 INFO  : Context for 'APU' is selected.
08:41:16 INFO  : Hardware design information is loaded from 'C:/Users/jlrei/Documents/SourceTree/EE324_Lab6/EE324_Lab6.sdk/System_wrapper_hw_platform_0/system.hdf'.
08:41:16 INFO  : 'configparams force-mem-access 1' command is executed.
08:41:16 INFO  : Context for 'APU' is selected.
08:41:16 INFO  : 'stop' command is executed.
08:41:17 INFO  : 'ps7_init' command is executed.
08:41:17 INFO  : 'ps7_post_config' command is executed.
08:41:17 INFO  : Context for processor 'ps7_cortexa9_0' is selected.
08:41:17 INFO  : Processor reset is completed for 'ps7_cortexa9_0'.
08:41:17 INFO  : Context for processor 'ps7_cortexa9_0' is selected.
08:41:17 INFO  : The application 'C:/Users/jlrei/Documents/SourceTree/EE324_Lab6/EE324_Lab6.sdk/Lab6/Debug/Lab6.elf' is downloaded to processor 'ps7_cortexa9_0'.
08:41:17 INFO  : 'configparams force-mem-access 0' command is executed.
08:41:17 INFO  : ----------------XSDB Script----------------
connect -url tcp:127.0.0.1:3121
source C:/Users/jlrei/Documents/SourceTree/EE324_Lab6/EE324_Lab6.sdk/System_wrapper_hw_platform_0/ps7_init.tcl
targets -set -nocase -filter {name =~"APU*" && jtag_cable_name =~ "Digilent Zybo 210279A42709A"} -index 0
loadhw -hw C:/Users/jlrei/Documents/SourceTree/EE324_Lab6/EE324_Lab6.sdk/System_wrapper_hw_platform_0/system.hdf -mem-ranges [list {0x40000000 0xbfffffff}]
configparams force-mem-access 1
targets -set -nocase -filter {name =~"APU*" && jtag_cable_name =~ "Digilent Zybo 210279A42709A"} -index 0
stop
ps7_init
ps7_post_config
targets -set -nocase -filter {name =~ "ARM*#0" && jtag_cable_name =~ "Digilent Zybo 210279A42709A"} -index 0
rst -processor
targets -set -nocase -filter {name =~ "ARM*#0" && jtag_cable_name =~ "Digilent Zybo 210279A42709A"} -index 0
dow C:/Users/jlrei/Documents/SourceTree/EE324_Lab6/EE324_Lab6.sdk/Lab6/Debug/Lab6.elf
configparams force-mem-access 0
----------------End of Script----------------

08:41:17 INFO  : Memory regions updated for context APU
08:41:17 INFO  : Context for processor 'ps7_cortexa9_0' is selected.
08:41:18 INFO  : 'con' command is executed.
08:41:18 INFO  : ----------------XSDB Script (After Launch)----------------
targets -set -nocase -filter {name =~ "ARM*#0" && jtag_cable_name =~ "Digilent Zybo 210279A42709A"} -index 0
con
----------------End of Script----------------

08:41:18 INFO  : Launch script is exported to file 'C:\Users\jlrei\Documents\SourceTree\EE324_Lab6\EE324_Lab6.sdk\.sdk\launch_scripts\xilinx_c-c++_application_(system_debugger)\system_debugger_using_debug_lab6.elf_on_local.tcl'
08:42:02 INFO  : Disconnected from the channel tcfchan#2.
08:42:03 INFO  : 'targets -set -filter {jtag_cable_name =~ "Digilent Zybo 210279A42709A" && level==0} -index 1' command is executed.
08:42:03 INFO  : 'fpga -state' command is executed.
08:42:03 INFO  : Connected to target on host '127.0.0.1' and port '3121'.
08:42:03 INFO  : Jtag cable 'Digilent Zybo 210279A42709A' is selected.
08:42:03 INFO  : 'jtag frequency' command is executed.
08:42:03 INFO  : Sourcing of 'C:/Users/jlrei/Documents/SourceTree/EE324_Lab6/EE324_Lab6.sdk/System_wrapper_hw_platform_0/ps7_init.tcl' is done.
08:42:03 INFO  : Context for 'APU' is selected.
08:42:06 INFO  : Hardware design information is loaded from 'C:/Users/jlrei/Documents/SourceTree/EE324_Lab6/EE324_Lab6.sdk/System_wrapper_hw_platform_0/system.hdf'.
08:42:06 INFO  : 'configparams force-mem-access 1' command is executed.
08:42:06 INFO  : Context for 'APU' is selected.
08:42:06 INFO  : 'stop' command is executed.
08:42:07 INFO  : 'ps7_init' command is executed.
08:42:07 INFO  : 'ps7_post_config' command is executed.
08:42:07 INFO  : Context for processor 'ps7_cortexa9_0' is selected.
08:42:07 INFO  : Processor reset is completed for 'ps7_cortexa9_0'.
08:42:07 INFO  : Context for processor 'ps7_cortexa9_0' is selected.
08:42:07 INFO  : The application 'C:/Users/jlrei/Documents/SourceTree/EE324_Lab6/EE324_Lab6.sdk/Lab6/Debug/Lab6.elf' is downloaded to processor 'ps7_cortexa9_0'.
08:42:07 INFO  : 'configparams force-mem-access 0' command is executed.
08:42:07 INFO  : ----------------XSDB Script----------------
connect -url tcp:127.0.0.1:3121
source C:/Users/jlrei/Documents/SourceTree/EE324_Lab6/EE324_Lab6.sdk/System_wrapper_hw_platform_0/ps7_init.tcl
targets -set -nocase -filter {name =~"APU*" && jtag_cable_name =~ "Digilent Zybo 210279A42709A"} -index 0
loadhw -hw C:/Users/jlrei/Documents/SourceTree/EE324_Lab6/EE324_Lab6.sdk/System_wrapper_hw_platform_0/system.hdf -mem-ranges [list {0x40000000 0xbfffffff}]
configparams force-mem-access 1
targets -set -nocase -filter {name =~"APU*" && jtag_cable_name =~ "Digilent Zybo 210279A42709A"} -index 0
stop
ps7_init
ps7_post_config
targets -set -nocase -filter {name =~ "ARM*#0" && jtag_cable_name =~ "Digilent Zybo 210279A42709A"} -index 0
rst -processor
targets -set -nocase -filter {name =~ "ARM*#0" && jtag_cable_name =~ "Digilent Zybo 210279A42709A"} -index 0
dow C:/Users/jlrei/Documents/SourceTree/EE324_Lab6/EE324_Lab6.sdk/Lab6/Debug/Lab6.elf
configparams force-mem-access 0
----------------End of Script----------------

08:42:07 INFO  : Memory regions updated for context APU
08:42:07 INFO  : Context for processor 'ps7_cortexa9_0' is selected.
08:42:07 INFO  : 'con' command is executed.
08:42:07 INFO  : ----------------XSDB Script (After Launch)----------------
targets -set -nocase -filter {name =~ "ARM*#0" && jtag_cable_name =~ "Digilent Zybo 210279A42709A"} -index 0
con
----------------End of Script----------------

08:42:07 INFO  : Launch script is exported to file 'C:\Users\jlrei\Documents\SourceTree\EE324_Lab6\EE324_Lab6.sdk\.sdk\launch_scripts\xilinx_c-c++_application_(system_debugger)\system_debugger_using_debug_lab6.elf_on_local.tcl'
08:42:34 INFO  : Disconnected from the channel tcfchan#3.
08:42:35 INFO  : 'targets -set -filter {jtag_cable_name =~ "Digilent Zybo 210279A42709A" && level==0} -index 1' command is executed.
08:42:35 INFO  : 'fpga -state' command is executed.
08:42:35 INFO  : Connected to target on host '127.0.0.1' and port '3121'.
08:42:35 INFO  : Jtag cable 'Digilent Zybo 210279A42709A' is selected.
08:42:35 INFO  : 'jtag frequency' command is executed.
08:42:35 INFO  : Sourcing of 'C:/Users/jlrei/Documents/SourceTree/EE324_Lab6/EE324_Lab6.sdk/System_wrapper_hw_platform_0/ps7_init.tcl' is done.
08:42:35 INFO  : Context for 'APU' is selected.
08:42:38 INFO  : Hardware design information is loaded from 'C:/Users/jlrei/Documents/SourceTree/EE324_Lab6/EE324_Lab6.sdk/System_wrapper_hw_platform_0/system.hdf'.
08:42:38 INFO  : 'configparams force-mem-access 1' command is executed.
08:42:38 INFO  : Context for 'APU' is selected.
08:42:38 INFO  : 'stop' command is executed.
08:42:39 INFO  : 'ps7_init' command is executed.
08:42:39 INFO  : 'ps7_post_config' command is executed.
08:42:39 INFO  : Context for processor 'ps7_cortexa9_0' is selected.
08:42:39 INFO  : Processor reset is completed for 'ps7_cortexa9_0'.
08:42:39 INFO  : Context for processor 'ps7_cortexa9_0' is selected.
08:42:39 INFO  : The application 'C:/Users/jlrei/Documents/SourceTree/EE324_Lab6/EE324_Lab6.sdk/Lab6/Debug/Lab6.elf' is downloaded to processor 'ps7_cortexa9_0'.
08:42:39 INFO  : 'configparams force-mem-access 0' command is executed.
08:42:39 INFO  : ----------------XSDB Script----------------
connect -url tcp:127.0.0.1:3121
source C:/Users/jlrei/Documents/SourceTree/EE324_Lab6/EE324_Lab6.sdk/System_wrapper_hw_platform_0/ps7_init.tcl
targets -set -nocase -filter {name =~"APU*" && jtag_cable_name =~ "Digilent Zybo 210279A42709A"} -index 0
loadhw -hw C:/Users/jlrei/Documents/SourceTree/EE324_Lab6/EE324_Lab6.sdk/System_wrapper_hw_platform_0/system.hdf -mem-ranges [list {0x40000000 0xbfffffff}]
configparams force-mem-access 1
targets -set -nocase -filter {name =~"APU*" && jtag_cable_name =~ "Digilent Zybo 210279A42709A"} -index 0
stop
ps7_init
ps7_post_config
targets -set -nocase -filter {name =~ "ARM*#0" && jtag_cable_name =~ "Digilent Zybo 210279A42709A"} -index 0
rst -processor
targets -set -nocase -filter {name =~ "ARM*#0" && jtag_cable_name =~ "Digilent Zybo 210279A42709A"} -index 0
dow C:/Users/jlrei/Documents/SourceTree/EE324_Lab6/EE324_Lab6.sdk/Lab6/Debug/Lab6.elf
configparams force-mem-access 0
----------------End of Script----------------

08:42:39 INFO  : Memory regions updated for context APU
08:42:39 INFO  : Context for processor 'ps7_cortexa9_0' is selected.
08:42:39 INFO  : 'con' command is executed.
08:42:39 INFO  : ----------------XSDB Script (After Launch)----------------
targets -set -nocase -filter {name =~ "ARM*#0" && jtag_cable_name =~ "Digilent Zybo 210279A42709A"} -index 0
con
----------------End of Script----------------

08:42:39 INFO  : Launch script is exported to file 'C:\Users\jlrei\Documents\SourceTree\EE324_Lab6\EE324_Lab6.sdk\.sdk\launch_scripts\xilinx_c-c++_application_(system_debugger)\system_debugger_using_debug_lab6.elf_on_local.tcl'
08:57:29 INFO  : SDK has detected change in the last modified timestamps for source hardware specification file Source:1512147334035,  Project:1512089390197
08:57:29 INFO  : Project System_wrapper_hw_platform_0's source hardware specification located at C:/Users/jlrei/Documents/SourceTree/EE324_Lab6/EE324_Lab6.sdk/System_wrapper.hdf is now different from the local copy.
		 The local copy will be replaced with the source specification and your workspace will be updated.
08:57:33 INFO  : Copied contents of C:/Users/jlrei/Documents/SourceTree/EE324_Lab6/EE324_Lab6.sdk/System_wrapper.hdf into \System_wrapper_hw_platform_0\system.hdf.
08:57:38 INFO  : Synchronizing projects in the workspace with the hardware platform specification changes.
08:57:43 INFO  : 
08:57:44 INFO  : Updating hardware inferred compiler options for Lab6.
08:57:44 INFO  : Clearing existing target manager status.
08:57:44 WARN  : Given IPC port value is invalid. Using default port 2350
08:57:44 WARN  : Given XMD timeout value is invalid. Using default value of 50000
08:57:46 WARN  : Given XMD transaction timeout value is invalid. Using default value of 60000 milli seconds
08:58:19 INFO  : Connected to target on host '127.0.0.1' and port '3121'.
08:58:19 INFO  : 'targets -set -filter {jtag_cable_name =~ "Digilent Zybo 210279A42709A" && level==0} -index 1' command is executed.
08:58:20 INFO  : FPGA configured successfully with bitstream "C:/Users/jlrei/Documents/SourceTree/EE324_Lab6/EE324_Lab6.sdk/System_wrapper_hw_platform_0/System_wrapper.bit"
08:58:41 INFO  : Disconnected from the channel tcfchan#4.
08:58:43 INFO  : 'targets -set -filter {jtag_cable_name =~ "Digilent Zybo 210279A42709A" && level==0} -index 1' command is executed.
08:58:43 INFO  : 'fpga -state' command is executed.
08:58:43 INFO  : Connected to target on host '127.0.0.1' and port '3121'.
08:58:44 INFO  : Jtag cable 'Digilent Zybo 210279A42709A' is selected.
08:58:44 INFO  : 'jtag frequency' command is executed.
08:58:44 INFO  : Sourcing of 'C:/Users/jlrei/Documents/SourceTree/EE324_Lab6/EE324_Lab6.sdk/System_wrapper_hw_platform_0/ps7_init.tcl' is done.
08:58:44 INFO  : Context for 'APU' is selected.
08:58:44 INFO  : Hardware design information is loaded from 'C:/Users/jlrei/Documents/SourceTree/EE324_Lab6/EE324_Lab6.sdk/System_wrapper_hw_platform_0/system.hdf'.
08:58:44 INFO  : 'configparams force-mem-access 1' command is executed.
08:58:44 INFO  : Context for 'APU' is selected.
08:58:44 INFO  : 'stop' command is executed.
08:58:45 INFO  : 'ps7_init' command is executed.
08:58:45 INFO  : 'ps7_post_config' command is executed.
08:58:45 INFO  : Context for processor 'ps7_cortexa9_0' is selected.
08:58:45 INFO  : Processor reset is completed for 'ps7_cortexa9_0'.
08:58:45 INFO  : Context for processor 'ps7_cortexa9_0' is selected.
08:58:45 INFO  : The application 'C:/Users/jlrei/Documents/SourceTree/EE324_Lab6/EE324_Lab6.sdk/Lab6/Debug/Lab6.elf' is downloaded to processor 'ps7_cortexa9_0'.
08:58:45 INFO  : 'configparams force-mem-access 0' command is executed.
08:58:45 INFO  : ----------------XSDB Script----------------
connect -url tcp:127.0.0.1:3121
source C:/Users/jlrei/Documents/SourceTree/EE324_Lab6/EE324_Lab6.sdk/System_wrapper_hw_platform_0/ps7_init.tcl
targets -set -nocase -filter {name =~"APU*" && jtag_cable_name =~ "Digilent Zybo 210279A42709A"} -index 0
loadhw -hw C:/Users/jlrei/Documents/SourceTree/EE324_Lab6/EE324_Lab6.sdk/System_wrapper_hw_platform_0/system.hdf -mem-ranges [list {0x40000000 0xbfffffff}]
configparams force-mem-access 1
targets -set -nocase -filter {name =~"APU*" && jtag_cable_name =~ "Digilent Zybo 210279A42709A"} -index 0
stop
ps7_init
ps7_post_config
targets -set -nocase -filter {name =~ "ARM*#0" && jtag_cable_name =~ "Digilent Zybo 210279A42709A"} -index 0
rst -processor
targets -set -nocase -filter {name =~ "ARM*#0" && jtag_cable_name =~ "Digilent Zybo 210279A42709A"} -index 0
dow C:/Users/jlrei/Documents/SourceTree/EE324_Lab6/EE324_Lab6.sdk/Lab6/Debug/Lab6.elf
configparams force-mem-access 0
----------------End of Script----------------

08:58:45 INFO  : Memory regions updated for context APU
08:58:45 INFO  : Context for processor 'ps7_cortexa9_0' is selected.
08:58:45 INFO  : 'con' command is executed.
08:58:45 INFO  : ----------------XSDB Script (After Launch)----------------
targets -set -nocase -filter {name =~ "ARM*#0" && jtag_cable_name =~ "Digilent Zybo 210279A42709A"} -index 0
con
----------------End of Script----------------

08:58:45 INFO  : Launch script is exported to file 'C:\Users\jlrei\Documents\SourceTree\EE324_Lab6\EE324_Lab6.sdk\.sdk\launch_scripts\xilinx_c-c++_application_(system_debugger)\system_debugger_using_debug_lab6.elf_on_local.tcl'
08:59:00 INFO  : Disconnected from the channel tcfchan#5.
08:59:01 INFO  : 'targets -set -filter {jtag_cable_name =~ "Digilent Zybo 210279A42709A" && level==0} -index 1' command is executed.
08:59:01 INFO  : 'fpga -state' command is executed.
08:59:01 INFO  : Connected to target on host '127.0.0.1' and port '3121'.
08:59:01 INFO  : Jtag cable 'Digilent Zybo 210279A42709A' is selected.
08:59:01 INFO  : 'jtag frequency' command is executed.
08:59:01 INFO  : Sourcing of 'C:/Users/jlrei/Documents/SourceTree/EE324_Lab6/EE324_Lab6.sdk/System_wrapper_hw_platform_0/ps7_init.tcl' is done.
08:59:01 INFO  : Context for 'APU' is selected.
08:59:04 INFO  : Hardware design information is loaded from 'C:/Users/jlrei/Documents/SourceTree/EE324_Lab6/EE324_Lab6.sdk/System_wrapper_hw_platform_0/system.hdf'.
08:59:04 INFO  : 'configparams force-mem-access 1' command is executed.
08:59:04 INFO  : Context for 'APU' is selected.
08:59:04 INFO  : 'stop' command is executed.
08:59:04 INFO  : 'ps7_init' command is executed.
08:59:04 INFO  : 'ps7_post_config' command is executed.
08:59:04 INFO  : Context for processor 'ps7_cortexa9_0' is selected.
08:59:04 INFO  : Processor reset is completed for 'ps7_cortexa9_0'.
08:59:04 INFO  : Context for processor 'ps7_cortexa9_0' is selected.
08:59:05 INFO  : The application 'C:/Users/jlrei/Documents/SourceTree/EE324_Lab6/EE324_Lab6.sdk/Lab6/Debug/Lab6.elf' is downloaded to processor 'ps7_cortexa9_0'.
08:59:05 INFO  : 'configparams force-mem-access 0' command is executed.
08:59:05 INFO  : ----------------XSDB Script----------------
connect -url tcp:127.0.0.1:3121
source C:/Users/jlrei/Documents/SourceTree/EE324_Lab6/EE324_Lab6.sdk/System_wrapper_hw_platform_0/ps7_init.tcl
targets -set -nocase -filter {name =~"APU*" && jtag_cable_name =~ "Digilent Zybo 210279A42709A"} -index 0
loadhw -hw C:/Users/jlrei/Documents/SourceTree/EE324_Lab6/EE324_Lab6.sdk/System_wrapper_hw_platform_0/system.hdf -mem-ranges [list {0x40000000 0xbfffffff}]
configparams force-mem-access 1
targets -set -nocase -filter {name =~"APU*" && jtag_cable_name =~ "Digilent Zybo 210279A42709A"} -index 0
stop
ps7_init
ps7_post_config
targets -set -nocase -filter {name =~ "ARM*#0" && jtag_cable_name =~ "Digilent Zybo 210279A42709A"} -index 0
rst -processor
targets -set -nocase -filter {name =~ "ARM*#0" && jtag_cable_name =~ "Digilent Zybo 210279A42709A"} -index 0
dow C:/Users/jlrei/Documents/SourceTree/EE324_Lab6/EE324_Lab6.sdk/Lab6/Debug/Lab6.elf
configparams force-mem-access 0
----------------End of Script----------------

08:59:05 INFO  : Memory regions updated for context APU
08:59:05 INFO  : Context for processor 'ps7_cortexa9_0' is selected.
08:59:05 INFO  : 'con' command is executed.
08:59:05 INFO  : ----------------XSDB Script (After Launch)----------------
targets -set -nocase -filter {name =~ "ARM*#0" && jtag_cable_name =~ "Digilent Zybo 210279A42709A"} -index 0
con
----------------End of Script----------------

08:59:05 INFO  : Launch script is exported to file 'C:\Users\jlrei\Documents\SourceTree\EE324_Lab6\EE324_Lab6.sdk\.sdk\launch_scripts\xilinx_c-c++_application_(system_debugger)\system_debugger_using_debug_lab6.elf_on_local.tcl'
08:59:34 INFO  : Disconnected from the channel tcfchan#6.
08:59:35 INFO  : 'targets -set -filter {jtag_cable_name =~ "Digilent Zybo 210279A42709A" && level==0} -index 1' command is executed.
08:59:35 INFO  : 'fpga -state' command is executed.
08:59:35 INFO  : Connected to target on host '127.0.0.1' and port '3121'.
08:59:35 INFO  : Jtag cable 'Digilent Zybo 210279A42709A' is selected.
08:59:35 INFO  : 'jtag frequency' command is executed.
08:59:35 INFO  : Sourcing of 'C:/Users/jlrei/Documents/SourceTree/EE324_Lab6/EE324_Lab6.sdk/System_wrapper_hw_platform_0/ps7_init.tcl' is done.
08:59:35 INFO  : Context for 'APU' is selected.
08:59:35 INFO  : Hardware design information is loaded from 'C:/Users/jlrei/Documents/SourceTree/EE324_Lab6/EE324_Lab6.sdk/System_wrapper_hw_platform_0/system.hdf'.
08:59:35 INFO  : 'configparams force-mem-access 1' command is executed.
08:59:35 INFO  : Context for 'APU' is selected.
08:59:35 INFO  : 'stop' command is executed.
08:59:36 INFO  : 'ps7_init' command is executed.
08:59:36 INFO  : 'ps7_post_config' command is executed.
08:59:36 INFO  : Context for processor 'ps7_cortexa9_0' is selected.
08:59:36 INFO  : Processor reset is completed for 'ps7_cortexa9_0'.
08:59:36 INFO  : Context for processor 'ps7_cortexa9_0' is selected.
08:59:36 INFO  : The application 'C:/Users/jlrei/Documents/SourceTree/EE324_Lab6/EE324_Lab6.sdk/Lab6/Debug/Lab6.elf' is downloaded to processor 'ps7_cortexa9_0'.
08:59:36 INFO  : 'configparams force-mem-access 0' command is executed.
08:59:36 INFO  : ----------------XSDB Script----------------
connect -url tcp:127.0.0.1:3121
source C:/Users/jlrei/Documents/SourceTree/EE324_Lab6/EE324_Lab6.sdk/System_wrapper_hw_platform_0/ps7_init.tcl
targets -set -nocase -filter {name =~"APU*" && jtag_cable_name =~ "Digilent Zybo 210279A42709A"} -index 0
loadhw -hw C:/Users/jlrei/Documents/SourceTree/EE324_Lab6/EE324_Lab6.sdk/System_wrapper_hw_platform_0/system.hdf -mem-ranges [list {0x40000000 0xbfffffff}]
configparams force-mem-access 1
targets -set -nocase -filter {name =~"APU*" && jtag_cable_name =~ "Digilent Zybo 210279A42709A"} -index 0
stop
ps7_init
ps7_post_config
targets -set -nocase -filter {name =~ "ARM*#0" && jtag_cable_name =~ "Digilent Zybo 210279A42709A"} -index 0
rst -processor
targets -set -nocase -filter {name =~ "ARM*#0" && jtag_cable_name =~ "Digilent Zybo 210279A42709A"} -index 0
dow C:/Users/jlrei/Documents/SourceTree/EE324_Lab6/EE324_Lab6.sdk/Lab6/Debug/Lab6.elf
configparams force-mem-access 0
----------------End of Script----------------

08:59:36 INFO  : Memory regions updated for context APU
08:59:37 INFO  : Context for processor 'ps7_cortexa9_0' is selected.
08:59:37 INFO  : 'con' command is executed.
08:59:37 INFO  : ----------------XSDB Script (After Launch)----------------
targets -set -nocase -filter {name =~ "ARM*#0" && jtag_cable_name =~ "Digilent Zybo 210279A42709A"} -index 0
con
----------------End of Script----------------

08:59:37 INFO  : Launch script is exported to file 'C:\Users\jlrei\Documents\SourceTree\EE324_Lab6\EE324_Lab6.sdk\.sdk\launch_scripts\xilinx_c-c++_application_(system_debugger)\system_debugger_using_debug_lab6.elf_on_local.tcl'
09:11:17 INFO  : Disconnected from the channel tcfchan#7.
09:11:18 INFO  : 'targets -set -filter {jtag_cable_name =~ "Digilent Zybo 210279A42709A" && level==0} -index 1' command is executed.
09:11:18 INFO  : 'fpga -state' command is executed.
09:11:18 INFO  : Connected to target on host '127.0.0.1' and port '3121'.
09:11:19 INFO  : Jtag cable 'Digilent Zybo 210279A42709A' is selected.
09:11:19 INFO  : 'jtag frequency' command is executed.
09:11:19 INFO  : Sourcing of 'C:/Users/jlrei/Documents/SourceTree/EE324_Lab6/EE324_Lab6.sdk/System_wrapper_hw_platform_0/ps7_init.tcl' is done.
09:11:19 INFO  : Context for 'APU' is selected.
09:11:19 INFO  : Hardware design information is loaded from 'C:/Users/jlrei/Documents/SourceTree/EE324_Lab6/EE324_Lab6.sdk/System_wrapper_hw_platform_0/system.hdf'.
09:11:19 INFO  : 'configparams force-mem-access 1' command is executed.
09:11:19 INFO  : Context for 'APU' is selected.
09:11:19 INFO  : 'stop' command is executed.
09:11:20 INFO  : 'ps7_init' command is executed.
09:11:20 INFO  : 'ps7_post_config' command is executed.
09:11:20 INFO  : Context for processor 'ps7_cortexa9_0' is selected.
09:11:20 INFO  : Processor reset is completed for 'ps7_cortexa9_0'.
09:11:20 INFO  : Context for processor 'ps7_cortexa9_0' is selected.
09:11:20 INFO  : The application 'C:/Users/jlrei/Documents/SourceTree/EE324_Lab6/EE324_Lab6.sdk/Lab6/Debug/Lab6.elf' is downloaded to processor 'ps7_cortexa9_0'.
09:11:20 INFO  : 'configparams force-mem-access 0' command is executed.
09:11:20 INFO  : ----------------XSDB Script----------------
connect -url tcp:127.0.0.1:3121
source C:/Users/jlrei/Documents/SourceTree/EE324_Lab6/EE324_Lab6.sdk/System_wrapper_hw_platform_0/ps7_init.tcl
targets -set -nocase -filter {name =~"APU*" && jtag_cable_name =~ "Digilent Zybo 210279A42709A"} -index 0
loadhw -hw C:/Users/jlrei/Documents/SourceTree/EE324_Lab6/EE324_Lab6.sdk/System_wrapper_hw_platform_0/system.hdf -mem-ranges [list {0x40000000 0xbfffffff}]
configparams force-mem-access 1
targets -set -nocase -filter {name =~"APU*" && jtag_cable_name =~ "Digilent Zybo 210279A42709A"} -index 0
stop
ps7_init
ps7_post_config
targets -set -nocase -filter {name =~ "ARM*#0" && jtag_cable_name =~ "Digilent Zybo 210279A42709A"} -index 0
rst -processor
targets -set -nocase -filter {name =~ "ARM*#0" && jtag_cable_name =~ "Digilent Zybo 210279A42709A"} -index 0
dow C:/Users/jlrei/Documents/SourceTree/EE324_Lab6/EE324_Lab6.sdk/Lab6/Debug/Lab6.elf
configparams force-mem-access 0
----------------End of Script----------------

09:11:20 INFO  : Memory regions updated for context APU
09:11:20 INFO  : Context for processor 'ps7_cortexa9_0' is selected.
09:11:20 INFO  : 'con' command is executed.
09:11:20 INFO  : ----------------XSDB Script (After Launch)----------------
targets -set -nocase -filter {name =~ "ARM*#0" && jtag_cable_name =~ "Digilent Zybo 210279A42709A"} -index 0
con
----------------End of Script----------------

09:11:20 INFO  : Launch script is exported to file 'C:\Users\jlrei\Documents\SourceTree\EE324_Lab6\EE324_Lab6.sdk\.sdk\launch_scripts\xilinx_c-c++_application_(system_debugger)\system_debugger_using_debug_lab6.elf_on_local.tcl'
09:12:21 INFO  : Disconnected from the channel tcfchan#8.
09:12:22 INFO  : 'targets -set -filter {jtag_cable_name =~ "Digilent Zybo 210279A42709A" && level==0} -index 1' command is executed.
09:12:22 INFO  : 'fpga -state' command is executed.
09:12:22 INFO  : Connected to target on host '127.0.0.1' and port '3121'.
09:12:22 INFO  : Jtag cable 'Digilent Zybo 210279A42709A' is selected.
09:12:22 INFO  : 'jtag frequency' command is executed.
09:12:22 INFO  : Sourcing of 'C:/Users/jlrei/Documents/SourceTree/EE324_Lab6/EE324_Lab6.sdk/System_wrapper_hw_platform_0/ps7_init.tcl' is done.
09:12:22 INFO  : Context for 'APU' is selected.
09:12:22 INFO  : Hardware design information is loaded from 'C:/Users/jlrei/Documents/SourceTree/EE324_Lab6/EE324_Lab6.sdk/System_wrapper_hw_platform_0/system.hdf'.
09:12:22 INFO  : 'configparams force-mem-access 1' command is executed.
09:12:22 INFO  : Context for 'APU' is selected.
09:12:22 INFO  : 'stop' command is executed.
09:12:23 INFO  : 'ps7_init' command is executed.
09:12:23 INFO  : 'ps7_post_config' command is executed.
09:12:23 INFO  : Context for processor 'ps7_cortexa9_0' is selected.
09:12:23 INFO  : Processor reset is completed for 'ps7_cortexa9_0'.
09:12:23 INFO  : Context for processor 'ps7_cortexa9_0' is selected.
09:12:23 INFO  : The application 'C:/Users/jlrei/Documents/SourceTree/EE324_Lab6/EE324_Lab6.sdk/Lab6/Debug/Lab6.elf' is downloaded to processor 'ps7_cortexa9_0'.
09:12:23 INFO  : 'configparams force-mem-access 0' command is executed.
09:12:23 INFO  : ----------------XSDB Script----------------
connect -url tcp:127.0.0.1:3121
source C:/Users/jlrei/Documents/SourceTree/EE324_Lab6/EE324_Lab6.sdk/System_wrapper_hw_platform_0/ps7_init.tcl
targets -set -nocase -filter {name =~"APU*" && jtag_cable_name =~ "Digilent Zybo 210279A42709A"} -index 0
loadhw -hw C:/Users/jlrei/Documents/SourceTree/EE324_Lab6/EE324_Lab6.sdk/System_wrapper_hw_platform_0/system.hdf -mem-ranges [list {0x40000000 0xbfffffff}]
configparams force-mem-access 1
targets -set -nocase -filter {name =~"APU*" && jtag_cable_name =~ "Digilent Zybo 210279A42709A"} -index 0
stop
ps7_init
ps7_post_config
targets -set -nocase -filter {name =~ "ARM*#0" && jtag_cable_name =~ "Digilent Zybo 210279A42709A"} -index 0
rst -processor
targets -set -nocase -filter {name =~ "ARM*#0" && jtag_cable_name =~ "Digilent Zybo 210279A42709A"} -index 0
dow C:/Users/jlrei/Documents/SourceTree/EE324_Lab6/EE324_Lab6.sdk/Lab6/Debug/Lab6.elf
configparams force-mem-access 0
----------------End of Script----------------

09:12:23 INFO  : Memory regions updated for context APU
09:12:24 INFO  : Context for processor 'ps7_cortexa9_0' is selected.
09:12:24 INFO  : 'con' command is executed.
09:12:24 INFO  : ----------------XSDB Script (After Launch)----------------
targets -set -nocase -filter {name =~ "ARM*#0" && jtag_cable_name =~ "Digilent Zybo 210279A42709A"} -index 0
con
----------------End of Script----------------

09:12:24 INFO  : Launch script is exported to file 'C:\Users\jlrei\Documents\SourceTree\EE324_Lab6\EE324_Lab6.sdk\.sdk\launch_scripts\xilinx_c-c++_application_(system_debugger)\system_debugger_using_debug_lab6.elf_on_local.tcl'
09:12:47 INFO  : Disconnected from the channel tcfchan#9.
09:12:48 INFO  : 'targets -set -filter {jtag_cable_name =~ "Digilent Zybo 210279A42709A" && level==0} -index 1' command is executed.
09:12:48 INFO  : 'fpga -state' command is executed.
09:12:48 INFO  : Connected to target on host '127.0.0.1' and port '3121'.
09:12:48 INFO  : Jtag cable 'Digilent Zybo 210279A42709A' is selected.
09:12:48 INFO  : 'jtag frequency' command is executed.
09:12:48 INFO  : Sourcing of 'C:/Users/jlrei/Documents/SourceTree/EE324_Lab6/EE324_Lab6.sdk/System_wrapper_hw_platform_0/ps7_init.tcl' is done.
09:12:48 INFO  : Context for 'APU' is selected.
09:12:48 INFO  : Hardware design information is loaded from 'C:/Users/jlrei/Documents/SourceTree/EE324_Lab6/EE324_Lab6.sdk/System_wrapper_hw_platform_0/system.hdf'.
09:12:48 INFO  : 'configparams force-mem-access 1' command is executed.
09:12:48 INFO  : Context for 'APU' is selected.
09:12:48 INFO  : 'stop' command is executed.
09:12:49 INFO  : 'ps7_init' command is executed.
09:12:49 INFO  : 'ps7_post_config' command is executed.
09:12:49 INFO  : Context for processor 'ps7_cortexa9_0' is selected.
09:12:49 INFO  : Processor reset is completed for 'ps7_cortexa9_0'.
09:12:49 INFO  : Context for processor 'ps7_cortexa9_0' is selected.
09:12:49 INFO  : The application 'C:/Users/jlrei/Documents/SourceTree/EE324_Lab6/EE324_Lab6.sdk/Lab6/Debug/Lab6.elf' is downloaded to processor 'ps7_cortexa9_0'.
09:12:49 INFO  : 'configparams force-mem-access 0' command is executed.
09:12:49 INFO  : ----------------XSDB Script----------------
connect -url tcp:127.0.0.1:3121
source C:/Users/jlrei/Documents/SourceTree/EE324_Lab6/EE324_Lab6.sdk/System_wrapper_hw_platform_0/ps7_init.tcl
targets -set -nocase -filter {name =~"APU*" && jtag_cable_name =~ "Digilent Zybo 210279A42709A"} -index 0
loadhw -hw C:/Users/jlrei/Documents/SourceTree/EE324_Lab6/EE324_Lab6.sdk/System_wrapper_hw_platform_0/system.hdf -mem-ranges [list {0x40000000 0xbfffffff}]
configparams force-mem-access 1
targets -set -nocase -filter {name =~"APU*" && jtag_cable_name =~ "Digilent Zybo 210279A42709A"} -index 0
stop
ps7_init
ps7_post_config
targets -set -nocase -filter {name =~ "ARM*#0" && jtag_cable_name =~ "Digilent Zybo 210279A42709A"} -index 0
rst -processor
targets -set -nocase -filter {name =~ "ARM*#0" && jtag_cable_name =~ "Digilent Zybo 210279A42709A"} -index 0
dow C:/Users/jlrei/Documents/SourceTree/EE324_Lab6/EE324_Lab6.sdk/Lab6/Debug/Lab6.elf
configparams force-mem-access 0
----------------End of Script----------------

09:12:49 INFO  : Memory regions updated for context APU
09:12:49 INFO  : Context for processor 'ps7_cortexa9_0' is selected.
09:12:50 INFO  : 'con' command is executed.
09:12:50 INFO  : ----------------XSDB Script (After Launch)----------------
targets -set -nocase -filter {name =~ "ARM*#0" && jtag_cable_name =~ "Digilent Zybo 210279A42709A"} -index 0
con
----------------End of Script----------------

09:12:50 INFO  : Launch script is exported to file 'C:\Users\jlrei\Documents\SourceTree\EE324_Lab6\EE324_Lab6.sdk\.sdk\launch_scripts\xilinx_c-c++_application_(system_debugger)\system_debugger_using_debug_lab6.elf_on_local.tcl'
09:13:46 INFO  : Disconnected from the channel tcfchan#10.
09:13:47 INFO  : 'targets -set -filter {jtag_cable_name =~ "Digilent Zybo 210279A42709A" && level==0} -index 1' command is executed.
09:13:47 INFO  : 'fpga -state' command is executed.
09:13:47 INFO  : Connected to target on host '127.0.0.1' and port '3121'.
09:13:47 INFO  : Jtag cable 'Digilent Zybo 210279A42709A' is selected.
09:13:47 INFO  : 'jtag frequency' command is executed.
09:13:47 INFO  : Sourcing of 'C:/Users/jlrei/Documents/SourceTree/EE324_Lab6/EE324_Lab6.sdk/System_wrapper_hw_platform_0/ps7_init.tcl' is done.
09:13:47 INFO  : Context for 'APU' is selected.
09:13:47 INFO  : Hardware design information is loaded from 'C:/Users/jlrei/Documents/SourceTree/EE324_Lab6/EE324_Lab6.sdk/System_wrapper_hw_platform_0/system.hdf'.
09:13:47 INFO  : 'configparams force-mem-access 1' command is executed.
09:13:47 INFO  : Context for 'APU' is selected.
09:13:47 INFO  : 'stop' command is executed.
09:13:48 INFO  : 'ps7_init' command is executed.
09:13:48 INFO  : 'ps7_post_config' command is executed.
09:13:48 INFO  : Context for processor 'ps7_cortexa9_0' is selected.
09:13:48 INFO  : Processor reset is completed for 'ps7_cortexa9_0'.
09:13:48 INFO  : Context for processor 'ps7_cortexa9_0' is selected.
09:13:49 INFO  : The application 'C:/Users/jlrei/Documents/SourceTree/EE324_Lab6/EE324_Lab6.sdk/Lab6/Debug/Lab6.elf' is downloaded to processor 'ps7_cortexa9_0'.
09:13:49 INFO  : 'configparams force-mem-access 0' command is executed.
09:13:49 INFO  : ----------------XSDB Script----------------
connect -url tcp:127.0.0.1:3121
source C:/Users/jlrei/Documents/SourceTree/EE324_Lab6/EE324_Lab6.sdk/System_wrapper_hw_platform_0/ps7_init.tcl
targets -set -nocase -filter {name =~"APU*" && jtag_cable_name =~ "Digilent Zybo 210279A42709A"} -index 0
loadhw -hw C:/Users/jlrei/Documents/SourceTree/EE324_Lab6/EE324_Lab6.sdk/System_wrapper_hw_platform_0/system.hdf -mem-ranges [list {0x40000000 0xbfffffff}]
configparams force-mem-access 1
targets -set -nocase -filter {name =~"APU*" && jtag_cable_name =~ "Digilent Zybo 210279A42709A"} -index 0
stop
ps7_init
ps7_post_config
targets -set -nocase -filter {name =~ "ARM*#0" && jtag_cable_name =~ "Digilent Zybo 210279A42709A"} -index 0
rst -processor
targets -set -nocase -filter {name =~ "ARM*#0" && jtag_cable_name =~ "Digilent Zybo 210279A42709A"} -index 0
dow C:/Users/jlrei/Documents/SourceTree/EE324_Lab6/EE324_Lab6.sdk/Lab6/Debug/Lab6.elf
configparams force-mem-access 0
----------------End of Script----------------

09:13:49 INFO  : Memory regions updated for context APU
09:13:49 INFO  : Context for processor 'ps7_cortexa9_0' is selected.
09:13:49 INFO  : 'con' command is executed.
09:13:49 INFO  : ----------------XSDB Script (After Launch)----------------
targets -set -nocase -filter {name =~ "ARM*#0" && jtag_cable_name =~ "Digilent Zybo 210279A42709A"} -index 0
con
----------------End of Script----------------

09:13:49 INFO  : Launch script is exported to file 'C:\Users\jlrei\Documents\SourceTree\EE324_Lab6\EE324_Lab6.sdk\.sdk\launch_scripts\xilinx_c-c++_application_(system_debugger)\system_debugger_using_debug_lab6.elf_on_local.tcl'
09:28:00 INFO  : Disconnected from the channel tcfchan#11.
09:28:01 INFO  : 'targets -set -filter {jtag_cable_name =~ "Digilent Zybo 210279A42709A" && level==0} -index 1' command is executed.
09:28:01 INFO  : 'fpga -state' command is executed.
09:28:01 INFO  : Connected to target on host '127.0.0.1' and port '3121'.
09:28:02 INFO  : Jtag cable 'Digilent Zybo 210279A42709A' is selected.
09:28:02 INFO  : 'jtag frequency' command is executed.
09:28:02 INFO  : Sourcing of 'C:/Users/jlrei/Documents/SourceTree/EE324_Lab6/EE324_Lab6.sdk/System_wrapper_hw_platform_0/ps7_init.tcl' is done.
09:28:02 INFO  : Context for 'APU' is selected.
09:28:02 INFO  : Hardware design information is loaded from 'C:/Users/jlrei/Documents/SourceTree/EE324_Lab6/EE324_Lab6.sdk/System_wrapper_hw_platform_0/system.hdf'.
09:28:02 INFO  : 'configparams force-mem-access 1' command is executed.
09:28:02 INFO  : Context for 'APU' is selected.
09:28:02 INFO  : 'stop' command is executed.
09:28:02 INFO  : 'ps7_init' command is executed.
09:28:02 INFO  : 'ps7_post_config' command is executed.
09:28:02 INFO  : Context for processor 'ps7_cortexa9_0' is selected.
09:28:03 INFO  : Processor reset is completed for 'ps7_cortexa9_0'.
09:28:03 INFO  : Context for processor 'ps7_cortexa9_0' is selected.
09:28:03 INFO  : The application 'C:/Users/jlrei/Documents/SourceTree/EE324_Lab6/EE324_Lab6.sdk/Lab6/Debug/Lab6.elf' is downloaded to processor 'ps7_cortexa9_0'.
09:28:03 INFO  : 'configparams force-mem-access 0' command is executed.
09:28:03 INFO  : ----------------XSDB Script----------------
connect -url tcp:127.0.0.1:3121
source C:/Users/jlrei/Documents/SourceTree/EE324_Lab6/EE324_Lab6.sdk/System_wrapper_hw_platform_0/ps7_init.tcl
targets -set -nocase -filter {name =~"APU*" && jtag_cable_name =~ "Digilent Zybo 210279A42709A"} -index 0
loadhw -hw C:/Users/jlrei/Documents/SourceTree/EE324_Lab6/EE324_Lab6.sdk/System_wrapper_hw_platform_0/system.hdf -mem-ranges [list {0x40000000 0xbfffffff}]
configparams force-mem-access 1
targets -set -nocase -filter {name =~"APU*" && jtag_cable_name =~ "Digilent Zybo 210279A42709A"} -index 0
stop
ps7_init
ps7_post_config
targets -set -nocase -filter {name =~ "ARM*#0" && jtag_cable_name =~ "Digilent Zybo 210279A42709A"} -index 0
rst -processor
targets -set -nocase -filter {name =~ "ARM*#0" && jtag_cable_name =~ "Digilent Zybo 210279A42709A"} -index 0
dow C:/Users/jlrei/Documents/SourceTree/EE324_Lab6/EE324_Lab6.sdk/Lab6/Debug/Lab6.elf
configparams force-mem-access 0
----------------End of Script----------------

09:28:03 INFO  : Memory regions updated for context APU
09:28:03 INFO  : Context for processor 'ps7_cortexa9_0' is selected.
09:28:03 INFO  : 'con' command is executed.
09:28:03 INFO  : ----------------XSDB Script (After Launch)----------------
targets -set -nocase -filter {name =~ "ARM*#0" && jtag_cable_name =~ "Digilent Zybo 210279A42709A"} -index 0
con
----------------End of Script----------------

09:28:03 INFO  : Launch script is exported to file 'C:\Users\jlrei\Documents\SourceTree\EE324_Lab6\EE324_Lab6.sdk\.sdk\launch_scripts\xilinx_c-c++_application_(system_debugger)\system_debugger_using_debug_lab6.elf_on_local.tcl'
09:29:01 INFO  : Disconnected from the channel tcfchan#12.
09:29:02 INFO  : 'targets -set -filter {jtag_cable_name =~ "Digilent Zybo 210279A42709A" && level==0} -index 1' command is executed.
09:29:02 INFO  : 'fpga -state' command is executed.
09:29:02 INFO  : Connected to target on host '127.0.0.1' and port '3121'.
09:29:03 INFO  : Jtag cable 'Digilent Zybo 210279A42709A' is selected.
09:29:03 INFO  : 'jtag frequency' command is executed.
09:29:03 INFO  : Sourcing of 'C:/Users/jlrei/Documents/SourceTree/EE324_Lab6/EE324_Lab6.sdk/System_wrapper_hw_platform_0/ps7_init.tcl' is done.
09:29:03 INFO  : Context for 'APU' is selected.
09:29:03 INFO  : Hardware design information is loaded from 'C:/Users/jlrei/Documents/SourceTree/EE324_Lab6/EE324_Lab6.sdk/System_wrapper_hw_platform_0/system.hdf'.
09:29:03 INFO  : 'configparams force-mem-access 1' command is executed.
09:29:03 INFO  : Context for 'APU' is selected.
09:29:03 INFO  : 'stop' command is executed.
09:29:03 INFO  : 'ps7_init' command is executed.
09:29:04 INFO  : 'ps7_post_config' command is executed.
09:29:04 INFO  : Context for processor 'ps7_cortexa9_0' is selected.
09:29:04 INFO  : Processor reset is completed for 'ps7_cortexa9_0'.
09:29:04 INFO  : Context for processor 'ps7_cortexa9_0' is selected.
09:29:04 INFO  : The application 'C:/Users/jlrei/Documents/SourceTree/EE324_Lab6/EE324_Lab6.sdk/Lab6/Debug/Lab6.elf' is downloaded to processor 'ps7_cortexa9_0'.
09:29:04 INFO  : 'configparams force-mem-access 0' command is executed.
09:29:04 INFO  : ----------------XSDB Script----------------
connect -url tcp:127.0.0.1:3121
source C:/Users/jlrei/Documents/SourceTree/EE324_Lab6/EE324_Lab6.sdk/System_wrapper_hw_platform_0/ps7_init.tcl
targets -set -nocase -filter {name =~"APU*" && jtag_cable_name =~ "Digilent Zybo 210279A42709A"} -index 0
loadhw -hw C:/Users/jlrei/Documents/SourceTree/EE324_Lab6/EE324_Lab6.sdk/System_wrapper_hw_platform_0/system.hdf -mem-ranges [list {0x40000000 0xbfffffff}]
configparams force-mem-access 1
targets -set -nocase -filter {name =~"APU*" && jtag_cable_name =~ "Digilent Zybo 210279A42709A"} -index 0
stop
ps7_init
ps7_post_config
targets -set -nocase -filter {name =~ "ARM*#0" && jtag_cable_name =~ "Digilent Zybo 210279A42709A"} -index 0
rst -processor
targets -set -nocase -filter {name =~ "ARM*#0" && jtag_cable_name =~ "Digilent Zybo 210279A42709A"} -index 0
dow C:/Users/jlrei/Documents/SourceTree/EE324_Lab6/EE324_Lab6.sdk/Lab6/Debug/Lab6.elf
configparams force-mem-access 0
----------------End of Script----------------

09:29:04 INFO  : Memory regions updated for context APU
09:29:04 INFO  : Context for processor 'ps7_cortexa9_0' is selected.
09:29:04 INFO  : 'con' command is executed.
09:29:04 INFO  : ----------------XSDB Script (After Launch)----------------
targets -set -nocase -filter {name =~ "ARM*#0" && jtag_cable_name =~ "Digilent Zybo 210279A42709A"} -index 0
con
----------------End of Script----------------

09:29:04 INFO  : Launch script is exported to file 'C:\Users\jlrei\Documents\SourceTree\EE324_Lab6\EE324_Lab6.sdk\.sdk\launch_scripts\xilinx_c-c++_application_(system_debugger)\system_debugger_using_debug_lab6.elf_on_local.tcl'
09:31:20 INFO  : Disconnected from the channel tcfchan#13.
09:31:21 INFO  : 'targets -set -filter {jtag_cable_name =~ "Digilent Zybo 210279A42709A" && level==0} -index 1' command is executed.
09:31:21 INFO  : 'fpga -state' command is executed.
09:31:21 INFO  : Connected to target on host '127.0.0.1' and port '3121'.
09:31:22 INFO  : Jtag cable 'Digilent Zybo 210279A42709A' is selected.
09:31:22 INFO  : 'jtag frequency' command is executed.
09:31:22 INFO  : Sourcing of 'C:/Users/jlrei/Documents/SourceTree/EE324_Lab6/EE324_Lab6.sdk/System_wrapper_hw_platform_0/ps7_init.tcl' is done.
09:31:22 INFO  : Context for 'APU' is selected.
09:31:22 INFO  : Hardware design information is loaded from 'C:/Users/jlrei/Documents/SourceTree/EE324_Lab6/EE324_Lab6.sdk/System_wrapper_hw_platform_0/system.hdf'.
09:31:22 INFO  : 'configparams force-mem-access 1' command is executed.
09:31:22 INFO  : Context for 'APU' is selected.
09:31:22 INFO  : 'stop' command is executed.
09:31:22 INFO  : 'ps7_init' command is executed.
09:31:22 INFO  : 'ps7_post_config' command is executed.
09:31:22 INFO  : Context for processor 'ps7_cortexa9_0' is selected.
09:31:23 INFO  : Processor reset is completed for 'ps7_cortexa9_0'.
09:31:23 INFO  : Context for processor 'ps7_cortexa9_0' is selected.
09:31:23 INFO  : The application 'C:/Users/jlrei/Documents/SourceTree/EE324_Lab6/EE324_Lab6.sdk/Lab6/Debug/Lab6.elf' is downloaded to processor 'ps7_cortexa9_0'.
09:31:23 INFO  : 'configparams force-mem-access 0' command is executed.
09:31:23 INFO  : ----------------XSDB Script----------------
connect -url tcp:127.0.0.1:3121
source C:/Users/jlrei/Documents/SourceTree/EE324_Lab6/EE324_Lab6.sdk/System_wrapper_hw_platform_0/ps7_init.tcl
targets -set -nocase -filter {name =~"APU*" && jtag_cable_name =~ "Digilent Zybo 210279A42709A"} -index 0
loadhw -hw C:/Users/jlrei/Documents/SourceTree/EE324_Lab6/EE324_Lab6.sdk/System_wrapper_hw_platform_0/system.hdf -mem-ranges [list {0x40000000 0xbfffffff}]
configparams force-mem-access 1
targets -set -nocase -filter {name =~"APU*" && jtag_cable_name =~ "Digilent Zybo 210279A42709A"} -index 0
stop
ps7_init
ps7_post_config
targets -set -nocase -filter {name =~ "ARM*#0" && jtag_cable_name =~ "Digilent Zybo 210279A42709A"} -index 0
rst -processor
targets -set -nocase -filter {name =~ "ARM*#0" && jtag_cable_name =~ "Digilent Zybo 210279A42709A"} -index 0
dow C:/Users/jlrei/Documents/SourceTree/EE324_Lab6/EE324_Lab6.sdk/Lab6/Debug/Lab6.elf
configparams force-mem-access 0
----------------End of Script----------------

09:31:23 INFO  : Memory regions updated for context APU
09:31:23 INFO  : Context for processor 'ps7_cortexa9_0' is selected.
09:31:23 INFO  : 'con' command is executed.
09:31:23 INFO  : ----------------XSDB Script (After Launch)----------------
targets -set -nocase -filter {name =~ "ARM*#0" && jtag_cable_name =~ "Digilent Zybo 210279A42709A"} -index 0
con
----------------End of Script----------------

09:31:23 INFO  : Launch script is exported to file 'C:\Users\jlrei\Documents\SourceTree\EE324_Lab6\EE324_Lab6.sdk\.sdk\launch_scripts\xilinx_c-c++_application_(system_debugger)\system_debugger_using_debug_lab6.elf_on_local.tcl'
09:35:44 INFO  : Disconnected from the channel tcfchan#14.
09:35:45 INFO  : 'targets -set -filter {jtag_cable_name =~ "Digilent Zybo 210279A42709A" && level==0} -index 1' command is executed.
09:35:45 INFO  : 'fpga -state' command is executed.
09:35:45 INFO  : Connected to target on host '127.0.0.1' and port '3121'.
09:35:46 INFO  : Jtag cable 'Digilent Zybo 210279A42709A' is selected.
09:35:46 INFO  : 'jtag frequency' command is executed.
09:35:46 INFO  : Sourcing of 'C:/Users/jlrei/Documents/SourceTree/EE324_Lab6/EE324_Lab6.sdk/System_wrapper_hw_platform_0/ps7_init.tcl' is done.
09:35:46 INFO  : Context for 'APU' is selected.
09:35:46 INFO  : Hardware design information is loaded from 'C:/Users/jlrei/Documents/SourceTree/EE324_Lab6/EE324_Lab6.sdk/System_wrapper_hw_platform_0/system.hdf'.
09:35:46 INFO  : 'configparams force-mem-access 1' command is executed.
09:35:46 INFO  : Context for 'APU' is selected.
09:35:46 INFO  : 'stop' command is executed.
09:35:46 INFO  : 'ps7_init' command is executed.
09:35:46 INFO  : 'ps7_post_config' command is executed.
09:35:46 INFO  : Context for processor 'ps7_cortexa9_0' is selected.
09:35:46 INFO  : Processor reset is completed for 'ps7_cortexa9_0'.
09:35:46 INFO  : Context for processor 'ps7_cortexa9_0' is selected.
09:35:47 INFO  : The application 'C:/Users/jlrei/Documents/SourceTree/EE324_Lab6/EE324_Lab6.sdk/Lab6/Debug/Lab6.elf' is downloaded to processor 'ps7_cortexa9_0'.
09:35:47 INFO  : 'configparams force-mem-access 0' command is executed.
09:35:47 INFO  : ----------------XSDB Script----------------
connect -url tcp:127.0.0.1:3121
source C:/Users/jlrei/Documents/SourceTree/EE324_Lab6/EE324_Lab6.sdk/System_wrapper_hw_platform_0/ps7_init.tcl
targets -set -nocase -filter {name =~"APU*" && jtag_cable_name =~ "Digilent Zybo 210279A42709A"} -index 0
loadhw -hw C:/Users/jlrei/Documents/SourceTree/EE324_Lab6/EE324_Lab6.sdk/System_wrapper_hw_platform_0/system.hdf -mem-ranges [list {0x40000000 0xbfffffff}]
configparams force-mem-access 1
targets -set -nocase -filter {name =~"APU*" && jtag_cable_name =~ "Digilent Zybo 210279A42709A"} -index 0
stop
ps7_init
ps7_post_config
targets -set -nocase -filter {name =~ "ARM*#0" && jtag_cable_name =~ "Digilent Zybo 210279A42709A"} -index 0
rst -processor
targets -set -nocase -filter {name =~ "ARM*#0" && jtag_cable_name =~ "Digilent Zybo 210279A42709A"} -index 0
dow C:/Users/jlrei/Documents/SourceTree/EE324_Lab6/EE324_Lab6.sdk/Lab6/Debug/Lab6.elf
configparams force-mem-access 0
----------------End of Script----------------

09:35:47 INFO  : Memory regions updated for context APU
09:35:47 INFO  : Context for processor 'ps7_cortexa9_0' is selected.
09:35:47 INFO  : 'con' command is executed.
09:35:47 INFO  : ----------------XSDB Script (After Launch)----------------
targets -set -nocase -filter {name =~ "ARM*#0" && jtag_cable_name =~ "Digilent Zybo 210279A42709A"} -index 0
con
----------------End of Script----------------

09:35:47 INFO  : Launch script is exported to file 'C:\Users\jlrei\Documents\SourceTree\EE324_Lab6\EE324_Lab6.sdk\.sdk\launch_scripts\xilinx_c-c++_application_(system_debugger)\system_debugger_using_debug_lab6.elf_on_local.tcl'
09:36:41 INFO  : Disconnected from the channel tcfchan#15.
09:36:42 INFO  : 'targets -set -filter {jtag_cable_name =~ "Digilent Zybo 210279A42709A" && level==0} -index 1' command is executed.
09:36:43 INFO  : 'fpga -state' command is executed.
09:36:43 INFO  : Connected to target on host '127.0.0.1' and port '3121'.
09:36:43 INFO  : Jtag cable 'Digilent Zybo 210279A42709A' is selected.
09:36:43 INFO  : 'jtag frequency' command is executed.
09:36:43 INFO  : Sourcing of 'C:/Users/jlrei/Documents/SourceTree/EE324_Lab6/EE324_Lab6.sdk/System_wrapper_hw_platform_0/ps7_init.tcl' is done.
09:36:43 INFO  : Context for 'APU' is selected.
09:36:43 INFO  : Hardware design information is loaded from 'C:/Users/jlrei/Documents/SourceTree/EE324_Lab6/EE324_Lab6.sdk/System_wrapper_hw_platform_0/system.hdf'.
09:36:43 INFO  : 'configparams force-mem-access 1' command is executed.
09:36:43 INFO  : Context for 'APU' is selected.
09:36:43 INFO  : 'stop' command is executed.
09:36:44 INFO  : 'ps7_init' command is executed.
09:36:44 INFO  : 'ps7_post_config' command is executed.
09:36:44 INFO  : Context for processor 'ps7_cortexa9_0' is selected.
09:36:44 INFO  : Processor reset is completed for 'ps7_cortexa9_0'.
09:36:44 INFO  : Context for processor 'ps7_cortexa9_0' is selected.
09:36:44 INFO  : The application 'C:/Users/jlrei/Documents/SourceTree/EE324_Lab6/EE324_Lab6.sdk/Lab6/Debug/Lab6.elf' is downloaded to processor 'ps7_cortexa9_0'.
09:36:44 INFO  : 'configparams force-mem-access 0' command is executed.
09:36:44 INFO  : ----------------XSDB Script----------------
connect -url tcp:127.0.0.1:3121
source C:/Users/jlrei/Documents/SourceTree/EE324_Lab6/EE324_Lab6.sdk/System_wrapper_hw_platform_0/ps7_init.tcl
targets -set -nocase -filter {name =~"APU*" && jtag_cable_name =~ "Digilent Zybo 210279A42709A"} -index 0
loadhw -hw C:/Users/jlrei/Documents/SourceTree/EE324_Lab6/EE324_Lab6.sdk/System_wrapper_hw_platform_0/system.hdf -mem-ranges [list {0x40000000 0xbfffffff}]
configparams force-mem-access 1
targets -set -nocase -filter {name =~"APU*" && jtag_cable_name =~ "Digilent Zybo 210279A42709A"} -index 0
stop
ps7_init
ps7_post_config
targets -set -nocase -filter {name =~ "ARM*#0" && jtag_cable_name =~ "Digilent Zybo 210279A42709A"} -index 0
rst -processor
targets -set -nocase -filter {name =~ "ARM*#0" && jtag_cable_name =~ "Digilent Zybo 210279A42709A"} -index 0
dow C:/Users/jlrei/Documents/SourceTree/EE324_Lab6/EE324_Lab6.sdk/Lab6/Debug/Lab6.elf
configparams force-mem-access 0
----------------End of Script----------------

09:36:44 INFO  : Memory regions updated for context APU
09:36:44 INFO  : Context for processor 'ps7_cortexa9_0' is selected.
09:36:44 INFO  : 'con' command is executed.
09:36:44 INFO  : ----------------XSDB Script (After Launch)----------------
targets -set -nocase -filter {name =~ "ARM*#0" && jtag_cable_name =~ "Digilent Zybo 210279A42709A"} -index 0
con
----------------End of Script----------------

09:36:44 INFO  : Launch script is exported to file 'C:\Users\jlrei\Documents\SourceTree\EE324_Lab6\EE324_Lab6.sdk\.sdk\launch_scripts\xilinx_c-c++_application_(system_debugger)\system_debugger_using_debug_lab6.elf_on_local.tcl'
09:37:21 INFO  : Disconnected from the channel tcfchan#16.
09:37:22 INFO  : 'targets -set -filter {jtag_cable_name =~ "Digilent Zybo 210279A42709A" && level==0} -index 1' command is executed.
09:37:22 INFO  : 'fpga -state' command is executed.
09:37:22 INFO  : Connected to target on host '127.0.0.1' and port '3121'.
09:37:22 INFO  : Jtag cable 'Digilent Zybo 210279A42709A' is selected.
09:37:23 INFO  : 'jtag frequency' command is executed.
09:37:23 INFO  : Sourcing of 'C:/Users/jlrei/Documents/SourceTree/EE324_Lab6/EE324_Lab6.sdk/System_wrapper_hw_platform_0/ps7_init.tcl' is done.
09:37:23 INFO  : Context for 'APU' is selected.
09:37:23 INFO  : Hardware design information is loaded from 'C:/Users/jlrei/Documents/SourceTree/EE324_Lab6/EE324_Lab6.sdk/System_wrapper_hw_platform_0/system.hdf'.
09:37:23 INFO  : 'configparams force-mem-access 1' command is executed.
09:37:23 INFO  : Context for 'APU' is selected.
09:37:23 INFO  : 'stop' command is executed.
09:37:23 INFO  : 'ps7_init' command is executed.
09:37:23 INFO  : 'ps7_post_config' command is executed.
09:37:23 INFO  : Context for processor 'ps7_cortexa9_0' is selected.
09:37:23 INFO  : Processor reset is completed for 'ps7_cortexa9_0'.
09:37:23 INFO  : Context for processor 'ps7_cortexa9_0' is selected.
09:37:24 INFO  : The application 'C:/Users/jlrei/Documents/SourceTree/EE324_Lab6/EE324_Lab6.sdk/Lab6/Debug/Lab6.elf' is downloaded to processor 'ps7_cortexa9_0'.
09:37:24 INFO  : 'configparams force-mem-access 0' command is executed.
09:37:24 INFO  : ----------------XSDB Script----------------
connect -url tcp:127.0.0.1:3121
source C:/Users/jlrei/Documents/SourceTree/EE324_Lab6/EE324_Lab6.sdk/System_wrapper_hw_platform_0/ps7_init.tcl
targets -set -nocase -filter {name =~"APU*" && jtag_cable_name =~ "Digilent Zybo 210279A42709A"} -index 0
loadhw -hw C:/Users/jlrei/Documents/SourceTree/EE324_Lab6/EE324_Lab6.sdk/System_wrapper_hw_platform_0/system.hdf -mem-ranges [list {0x40000000 0xbfffffff}]
configparams force-mem-access 1
targets -set -nocase -filter {name =~"APU*" && jtag_cable_name =~ "Digilent Zybo 210279A42709A"} -index 0
stop
ps7_init
ps7_post_config
targets -set -nocase -filter {name =~ "ARM*#0" && jtag_cable_name =~ "Digilent Zybo 210279A42709A"} -index 0
rst -processor
targets -set -nocase -filter {name =~ "ARM*#0" && jtag_cable_name =~ "Digilent Zybo 210279A42709A"} -index 0
dow C:/Users/jlrei/Documents/SourceTree/EE324_Lab6/EE324_Lab6.sdk/Lab6/Debug/Lab6.elf
configparams force-mem-access 0
----------------End of Script----------------

09:37:24 INFO  : Memory regions updated for context APU
09:37:24 INFO  : Context for processor 'ps7_cortexa9_0' is selected.
09:37:24 INFO  : 'con' command is executed.
09:37:24 INFO  : ----------------XSDB Script (After Launch)----------------
targets -set -nocase -filter {name =~ "ARM*#0" && jtag_cable_name =~ "Digilent Zybo 210279A42709A"} -index 0
con
----------------End of Script----------------

09:37:24 INFO  : Launch script is exported to file 'C:\Users\jlrei\Documents\SourceTree\EE324_Lab6\EE324_Lab6.sdk\.sdk\launch_scripts\xilinx_c-c++_application_(system_debugger)\system_debugger_using_debug_lab6.elf_on_local.tcl'
09:38:06 INFO  : Disconnected from the channel tcfchan#17.
09:38:07 INFO  : 'targets -set -filter {jtag_cable_name =~ "Digilent Zybo 210279A42709A" && level==0} -index 1' command is executed.
09:38:07 INFO  : 'fpga -state' command is executed.
09:38:07 INFO  : Connected to target on host '127.0.0.1' and port '3121'.
09:38:08 INFO  : Jtag cable 'Digilent Zybo 210279A42709A' is selected.
09:38:08 INFO  : 'jtag frequency' command is executed.
09:38:08 INFO  : Sourcing of 'C:/Users/jlrei/Documents/SourceTree/EE324_Lab6/EE324_Lab6.sdk/System_wrapper_hw_platform_0/ps7_init.tcl' is done.
09:38:08 INFO  : Context for 'APU' is selected.
09:38:08 INFO  : Hardware design information is loaded from 'C:/Users/jlrei/Documents/SourceTree/EE324_Lab6/EE324_Lab6.sdk/System_wrapper_hw_platform_0/system.hdf'.
09:38:08 INFO  : 'configparams force-mem-access 1' command is executed.
09:38:08 INFO  : Context for 'APU' is selected.
09:38:08 INFO  : 'stop' command is executed.
09:38:08 INFO  : 'ps7_init' command is executed.
09:38:08 INFO  : 'ps7_post_config' command is executed.
09:38:09 INFO  : Context for processor 'ps7_cortexa9_0' is selected.
09:38:09 INFO  : Processor reset is completed for 'ps7_cortexa9_0'.
09:38:09 INFO  : Context for processor 'ps7_cortexa9_0' is selected.
09:38:09 INFO  : The application 'C:/Users/jlrei/Documents/SourceTree/EE324_Lab6/EE324_Lab6.sdk/Lab6/Debug/Lab6.elf' is downloaded to processor 'ps7_cortexa9_0'.
09:38:09 INFO  : 'configparams force-mem-access 0' command is executed.
09:38:09 INFO  : ----------------XSDB Script----------------
connect -url tcp:127.0.0.1:3121
source C:/Users/jlrei/Documents/SourceTree/EE324_Lab6/EE324_Lab6.sdk/System_wrapper_hw_platform_0/ps7_init.tcl
targets -set -nocase -filter {name =~"APU*" && jtag_cable_name =~ "Digilent Zybo 210279A42709A"} -index 0
loadhw -hw C:/Users/jlrei/Documents/SourceTree/EE324_Lab6/EE324_Lab6.sdk/System_wrapper_hw_platform_0/system.hdf -mem-ranges [list {0x40000000 0xbfffffff}]
configparams force-mem-access 1
targets -set -nocase -filter {name =~"APU*" && jtag_cable_name =~ "Digilent Zybo 210279A42709A"} -index 0
stop
ps7_init
ps7_post_config
targets -set -nocase -filter {name =~ "ARM*#0" && jtag_cable_name =~ "Digilent Zybo 210279A42709A"} -index 0
rst -processor
targets -set -nocase -filter {name =~ "ARM*#0" && jtag_cable_name =~ "Digilent Zybo 210279A42709A"} -index 0
dow C:/Users/jlrei/Documents/SourceTree/EE324_Lab6/EE324_Lab6.sdk/Lab6/Debug/Lab6.elf
configparams force-mem-access 0
----------------End of Script----------------

09:38:09 INFO  : Memory regions updated for context APU
09:38:09 INFO  : Context for processor 'ps7_cortexa9_0' is selected.
09:38:09 INFO  : 'con' command is executed.
09:38:09 INFO  : ----------------XSDB Script (After Launch)----------------
targets -set -nocase -filter {name =~ "ARM*#0" && jtag_cable_name =~ "Digilent Zybo 210279A42709A"} -index 0
con
----------------End of Script----------------

09:38:09 INFO  : Launch script is exported to file 'C:\Users\jlrei\Documents\SourceTree\EE324_Lab6\EE324_Lab6.sdk\.sdk\launch_scripts\xilinx_c-c++_application_(system_debugger)\system_debugger_using_debug_lab6.elf_on_local.tcl'
09:40:41 INFO  : Disconnected from the channel tcfchan#18.
09:40:42 ERROR : Unexpected error while parsing XMD response ?: com.google.gson.JsonSyntaxException: com.google.gson.stream.MalformedJsonException: invalid number or unquoted string near 
10:15:46 INFO  : Registering command handlers for SDK TCF services
10:15:47 INFO  : Launching XSCT server: xsct.bat -interactive C:\Users\jlrei\Documents\SourceTree\EE324_Lab6\EE324_Lab6.sdk\temp_xsdb_launch_script.tcl
10:15:50 INFO  : XSCT server has started successfully.
10:15:50 INFO  : Successfully done setting XSCT server connection channel  
10:15:51 INFO  : Successfully done setting SDK workspace  
10:16:11 INFO  : Connected to target on host '127.0.0.1' and port '3121'.
10:16:13 INFO  : 'targets -set -filter {jtag_cable_name =~ "Digilent Zybo 210279A42709A" && level==0} -index 1' command is executed.
10:16:15 INFO  : FPGA configured successfully with bitstream "C:/Users/jlrei/Documents/SourceTree/EE324_Lab6/EE324_Lab6.sdk/System_wrapper_hw_platform_0/System_wrapper.bit"
10:16:23 INFO  : 'targets -set -filter {jtag_cable_name =~ "Digilent Zybo 210279A42709A" && level==0} -index 1' command is executed.
10:16:23 INFO  : 'fpga -state' command is executed.
10:16:23 INFO  : Connected to target on host '127.0.0.1' and port '3121'.
10:16:24 INFO  : Jtag cable 'Digilent Zybo 210279A42709A' is selected.
10:16:24 INFO  : 'jtag frequency' command is executed.
10:16:24 INFO  : Sourcing of 'C:/Users/jlrei/Documents/SourceTree/EE324_Lab6/EE324_Lab6.sdk/System_wrapper_hw_platform_0/ps7_init.tcl' is done.
10:16:24 INFO  : Context for 'APU' is selected.
10:16:24 INFO  : Hardware design information is loaded from 'C:/Users/jlrei/Documents/SourceTree/EE324_Lab6/EE324_Lab6.sdk/System_wrapper_hw_platform_0/system.hdf'.
10:16:24 INFO  : 'configparams force-mem-access 1' command is executed.
10:16:24 INFO  : Context for 'APU' is selected.
10:16:24 INFO  : 'stop' command is executed.
10:16:25 INFO  : 'ps7_init' command is executed.
10:16:25 INFO  : 'ps7_post_config' command is executed.
10:16:25 INFO  : Context for processor 'ps7_cortexa9_0' is selected.
10:16:25 INFO  : Processor reset is completed for 'ps7_cortexa9_0'.
10:16:26 INFO  : Context for processor 'ps7_cortexa9_0' is selected.
10:16:26 INFO  : The application 'C:/Users/jlrei/Documents/SourceTree/EE324_Lab6/EE324_Lab6.sdk/Lab6/Debug/Lab6.elf' is downloaded to processor 'ps7_cortexa9_0'.
10:16:26 INFO  : 'configparams force-mem-access 0' command is executed.
10:16:26 INFO  : ----------------XSDB Script----------------
connect -url tcp:127.0.0.1:3121
source C:/Users/jlrei/Documents/SourceTree/EE324_Lab6/EE324_Lab6.sdk/System_wrapper_hw_platform_0/ps7_init.tcl
targets -set -nocase -filter {name =~"APU*" && jtag_cable_name =~ "Digilent Zybo 210279A42709A"} -index 0
loadhw -hw C:/Users/jlrei/Documents/SourceTree/EE324_Lab6/EE324_Lab6.sdk/System_wrapper_hw_platform_0/system.hdf -mem-ranges [list {0x40000000 0xbfffffff}]
configparams force-mem-access 1
targets -set -nocase -filter {name =~"APU*" && jtag_cable_name =~ "Digilent Zybo 210279A42709A"} -index 0
stop
ps7_init
ps7_post_config
targets -set -nocase -filter {name =~ "ARM*#0" && jtag_cable_name =~ "Digilent Zybo 210279A42709A"} -index 0
rst -processor
targets -set -nocase -filter {name =~ "ARM*#0" && jtag_cable_name =~ "Digilent Zybo 210279A42709A"} -index 0
dow C:/Users/jlrei/Documents/SourceTree/EE324_Lab6/EE324_Lab6.sdk/Lab6/Debug/Lab6.elf
configparams force-mem-access 0
----------------End of Script----------------

10:16:26 INFO  : Memory regions updated for context APU
10:16:26 INFO  : Context for processor 'ps7_cortexa9_0' is selected.
10:16:26 INFO  : 'con' command is executed.
10:16:26 INFO  : ----------------XSDB Script (After Launch)----------------
targets -set -nocase -filter {name =~ "ARM*#0" && jtag_cable_name =~ "Digilent Zybo 210279A42709A"} -index 0
con
----------------End of Script----------------

10:16:26 INFO  : Launch script is exported to file 'C:\Users\jlrei\Documents\SourceTree\EE324_Lab6\EE324_Lab6.sdk\.sdk\launch_scripts\xilinx_c-c++_application_(system_debugger)\system_debugger_using_debug_lab6.elf_on_local.tcl'
10:25:02 INFO  : Disconnected from the channel tcfchan#1.
